0 info it worked if it ends with ok
1 verbose cli [ '/usr/local/bin/node',
1 verbose cli   '/usr/local/bin/npm',
1 verbose cli   'run',
1 verbose cli   'prepublish' ]
2 info using npm@3.8.6
3 info using node@v5.11.1
4 verbose run-script [ 'prepublish' ]
5 info lifecycle graph-object@1.0.0~prepublish: graph-object@1.0.0
6 verbose lifecycle graph-object@1.0.0~prepublish: unsafe-perm in lifecycle true
7 verbose lifecycle graph-object@1.0.0~prepublish: PATH: /usr/local/lib/node_modules/npm/bin/node-gyp-bin:/Users/zvictor/development/perfect-graphql-starter/graph-object/node_modules/.bin:/usr/local/bin:/Users/zvictor/anaconda/bin:/usr/local/bin:/usr/bin:/bin:/usr/sbin:/sbin
8 verbose lifecycle graph-object@1.0.0~prepublish: CWD: /Users/zvictor/development/perfect-graphql-starter/graph-object
9 silly lifecycle graph-object@1.0.0~prepublish: Args: [ '-c', 'babel -d build/' ]
10 silly lifecycle graph-object@1.0.0~prepublish: Returned: code: 2  signal: null
11 info lifecycle graph-object@1.0.0~prepublish: Failed to exec prepublish script
12 verbose stack Error: graph-object@1.0.0 prepublish: `babel -d build/`
12 verbose stack Exit status 2
12 verbose stack     at EventEmitter.<anonymous> (/usr/local/lib/node_modules/npm/lib/utils/lifecycle.js:239:16)
12 verbose stack     at emitTwo (events.js:100:13)
12 verbose stack     at EventEmitter.emit (events.js:185:7)
12 verbose stack     at ChildProcess.<anonymous> (/usr/local/lib/node_modules/npm/lib/utils/spawn.js:24:14)
12 verbose stack     at emitTwo (events.js:100:13)
12 verbose stack     at ChildProcess.emit (events.js:185:7)
12 verbose stack     at maybeClose (internal/child_process.js:850:16)
12 verbose stack     at Process.ChildProcess._handle.onexit (internal/child_process.js:215:5)
13 verbose pkgid graph-object@1.0.0
14 verbose cwd /Users/zvictor/development/perfect-graphql-starter/graph-object
15 error Darwin 15.6.0
16 error argv "/usr/local/bin/node" "/usr/local/bin/npm" "run" "prepublish"
17 error node v5.11.1
18 error npm  v3.8.6
19 error code ELIFECYCLE
20 error graph-object@1.0.0 prepublish: `babel -d build/`
20 error Exit status 2
21 error Failed at the graph-object@1.0.0 prepublish script 'babel -d build/'.
21 error Make sure you have the latest version of node.js and npm installed.
21 error If you do, this is most likely a problem with the graph-object package,
21 error not with npm itself.
21 error Tell the author that this fails on your system:
21 error     babel -d build/
21 error You can get information on how to open an issue for this project with:
21 error     npm bugs graph-object
21 error Or if that isn't available, you can get their info via:
21 error     npm owner ls graph-object
21 error There is likely additional logging output above.
22 verbose exit [ 1, true ]
